<?xml version="1.0" encoding="UTF-8"?>
<testsuite xmlns:xsi="http://www.w3.org/2001/XMLSchema-instance" xsi:noNamespaceSchemaLocation="https://maven.apache.org/surefire/maven-surefire-plugin/xsd/surefire-test-report.xsd" version="3.0.2" name="TestSuite" time="36.765" tests="15" errors="0" skipped="5" failures="0">
  <properties>
    <property name="java.specification.version" value="17"/>
    <property name="sun.cpu.isalist" value="amd64"/>
    <property name="sun.jnu.encoding" value="Cp1252"/>
    <property name="sun.awt.enableExtraMouseButtons" value="true"/>
    <property name="java.class.path" value="C:\Users\ramiz.mondal\eclipse-workspace\PetStoreAPIAutomation\target\test-classes;C:\Users\ramiz.mondal\eclipse-workspace\PetStoreAPIAutomation\target\classes;C:\Users\ramiz.mondal\.m2\repository\io\rest-assured\rest-assured\5.1.1\rest-assured-5.1.1.jar;C:\Users\ramiz.mondal\.m2\repository\org\apache\groovy\groovy\4.0.1\groovy-4.0.1.jar;C:\Users\ramiz.mondal\.m2\repository\org\apache\groovy\groovy-xml\4.0.1\groovy-xml-4.0.1.jar;C:\Users\ramiz.mondal\.m2\repository\org\apache\httpcomponents\httpclient\4.5.13\httpclient-4.5.13.jar;C:\Users\ramiz.mondal\.m2\repository\org\apache\httpcomponents\httpcore\4.4.13\httpcore-4.4.13.jar;C:\Users\ramiz.mondal\.m2\repository\commons-logging\commons-logging\1.2\commons-logging-1.2.jar;C:\Users\ramiz.mondal\.m2\repository\org\apache\httpcomponents\httpmime\4.5.13\httpmime-4.5.13.jar;C:\Users\ramiz.mondal\.m2\repository\org\hamcrest\hamcrest\2.1\hamcrest-2.1.jar;C:\Users\ramiz.mondal\.m2\repository\org\ccil\cowan\tagsoup\tagsoup\1.2.1\tagsoup-1.2.1.jar;C:\Users\ramiz.mondal\.m2\repository\io\rest-assured\xml-path\5.1.1\xml-path-5.1.1.jar;C:\Users\ramiz.mondal\.m2\repository\io\rest-assured\json-path\5.1.1\json-path-5.1.1.jar;C:\Users\ramiz.mondal\.m2\repository\org\apache\groovy\groovy-json\4.0.1\groovy-json-4.0.1.jar;C:\Users\ramiz.mondal\.m2\repository\io\rest-assured\rest-assured-common\5.1.1\rest-assured-common-5.1.1.jar;C:\Users\ramiz.mondal\.m2\repository\org\json\json\20220320\json-20220320.jar;C:\Users\ramiz.mondal\.m2\repository\org\testng\testng\7.6.1\testng-7.6.1.jar;C:\Users\ramiz.mondal\.m2\repository\com\google\code\findbugs\jsr305\3.0.2\jsr305-3.0.2.jar;C:\Users\ramiz.mondal\.m2\repository\org\slf4j\slf4j-api\1.7.36\slf4j-api-1.7.36.jar;C:\Users\ramiz.mondal\.m2\repository\com\beust\jcommander\1.82\jcommander-1.82.jar;C:\Users\ramiz.mondal\.m2\repository\org\webjars\jquery\3.6.0\jquery-3.6.0.jar;C:\Users\ramiz.mondal\.m2\repository\com\github\scribejava\scribejava-apis\8.3.1\scribejava-apis-8.3.1.jar;C:\Users\ramiz.mondal\.m2\repository\com\github\scribejava\scribejava-core\8.3.1\scribejava-core-8.3.1.jar;C:\Users\ramiz.mondal\.m2\repository\com\github\scribejava\scribejava-java8\8.3.1\scribejava-java8-8.3.1.jar;C:\Users\ramiz.mondal\.m2\repository\com\fasterxml\jackson\core\jackson-databind\2.12.3\jackson-databind-2.12.3.jar;C:\Users\ramiz.mondal\.m2\repository\com\fasterxml\jackson\core\jackson-annotations\2.12.3\jackson-annotations-2.12.3.jar;C:\Users\ramiz.mondal\.m2\repository\com\fasterxml\jackson\core\jackson-core\2.12.3\jackson-core-2.12.3.jar;C:\Users\ramiz.mondal\.m2\repository\io\rest-assured\json-schema-validator\5.1.1\json-schema-validator-5.1.1.jar;C:\Users\ramiz.mondal\.m2\repository\com\github\java-json-tools\json-schema-validator\2.2.14\json-schema-validator-2.2.14.jar;C:\Users\ramiz.mondal\.m2\repository\com\google\guava\guava\28.2-android\guava-28.2-android.jar;C:\Users\ramiz.mondal\.m2\repository\com\google\guava\failureaccess\1.0.1\failureaccess-1.0.1.jar;C:\Users\ramiz.mondal\.m2\repository\com\google\guava\listenablefuture\9999.0-empty-to-avoid-conflict-with-guava\listenablefuture-9999.0-empty-to-avoid-conflict-with-guava.jar;C:\Users\ramiz.mondal\.m2\repository\org\checkerframework\checker-compat-qual\2.5.5\checker-compat-qual-2.5.5.jar;C:\Users\ramiz.mondal\.m2\repository\com\google\errorprone\error_prone_annotations\2.3.4\error_prone_annotations-2.3.4.jar;C:\Users\ramiz.mondal\.m2\repository\com\google\j2objc\j2objc-annotations\1.3\j2objc-annotations-1.3.jar;C:\Users\ramiz.mondal\.m2\repository\com\github\java-json-tools\jackson-coreutils-equivalence\1.0\jackson-coreutils-equivalence-1.0.jar;C:\Users\ramiz.mondal\.m2\repository\com\github\java-json-tools\jackson-coreutils\2.0\jackson-coreutils-2.0.jar;C:\Users\ramiz.mondal\.m2\repository\com\github\java-json-tools\msg-simple\1.2\msg-simple-1.2.jar;C:\Users\ramiz.mondal\.m2\repository\com\github\java-json-tools\btf\1.3\btf-1.3.jar;C:\Users\ramiz.mondal\.m2\repository\com\github\java-json-tools\json-schema-core\1.2.14\json-schema-core-1.2.14.jar;C:\Users\ramiz.mondal\.m2\repository\com\github\java-json-tools\uri-template\0.10\uri-template-0.10.jar;C:\Users\ramiz.mondal\.m2\repository\org\mozilla\rhino\1.7.7.2\rhino-1.7.7.2.jar;C:\Users\ramiz.mondal\.m2\repository\com\sun\mail\mailapi\1.6.2\mailapi-1.6.2.jar;C:\Users\ramiz.mondal\.m2\repository\joda-time\joda-time\2.10.5\joda-time-2.10.5.jar;C:\Users\ramiz.mondal\.m2\repository\com\googlecode\libphonenumber\libphonenumber\8.11.1\libphonenumber-8.11.1.jar;C:\Users\ramiz.mondal\.m2\repository\net\sf\jopt-simple\jopt-simple\5.0.4\jopt-simple-5.0.4.jar;C:\Users\ramiz.mondal\.m2\repository\com\github\javafaker\javafaker\1.0.2\javafaker-1.0.2.jar;C:\Users\ramiz.mondal\.m2\repository\org\apache\commons\commons-lang3\3.5\commons-lang3-3.5.jar;C:\Users\ramiz.mondal\.m2\repository\org\yaml\snakeyaml\1.23\snakeyaml-1.23-android.jar;C:\Users\ramiz.mondal\.m2\repository\com\github\mifmif\generex\1.0.2\generex-1.0.2.jar;C:\Users\ramiz.mondal\.m2\repository\dk\brics\automaton\automaton\1.11-8\automaton-1.11-8.jar;C:\Users\ramiz.mondal\.m2\repository\com\aventstack\extentreports\5.0.9\extentreports-5.0.9.jar;C:\Users\ramiz.mondal\.m2\repository\io\reactivex\rxjava3\rxjava\3.0.4\rxjava-3.0.4.jar;C:\Users\ramiz.mondal\.m2\repository\org\reactivestreams\reactive-streams\1.0.3\reactive-streams-1.0.3.jar;C:\Users\ramiz.mondal\.m2\repository\org\freemarker\freemarker\2.3.30\freemarker-2.3.30.jar;C:\Users\ramiz.mondal\.m2\repository\org\projectlombok\lombok\1.18.12\lombok-1.18.12.jar;C:\Users\ramiz.mondal\.m2\repository\com\google\code\gson\gson\2.8.6\gson-2.8.6.jar;C:\Users\ramiz.mondal\.m2\repository\org\apache\poi\poi\5.2.2\poi-5.2.2.jar;C:\Users\ramiz.mondal\.m2\repository\commons-codec\commons-codec\1.15\commons-codec-1.15.jar;C:\Users\ramiz.mondal\.m2\repository\org\apache\commons\commons-collections4\4.4\commons-collections4-4.4.jar;C:\Users\ramiz.mondal\.m2\repository\org\apache\commons\commons-math3\3.6.1\commons-math3-3.6.1.jar;C:\Users\ramiz.mondal\.m2\repository\commons-io\commons-io\2.11.0\commons-io-2.11.0.jar;C:\Users\ramiz.mondal\.m2\repository\com\zaxxer\SparseBitSet\1.2\SparseBitSet-1.2.jar;C:\Users\ramiz.mondal\.m2\repository\org\apache\poi\poi-ooxml\5.2.2\poi-ooxml-5.2.2.jar;C:\Users\ramiz.mondal\.m2\repository\org\apache\poi\poi-ooxml-lite\5.2.2\poi-ooxml-lite-5.2.2.jar;C:\Users\ramiz.mondal\.m2\repository\org\apache\xmlbeans\xmlbeans\5.0.3\xmlbeans-5.0.3.jar;C:\Users\ramiz.mondal\.m2\repository\org\apache\commons\commons-compress\1.21\commons-compress-1.21.jar;C:\Users\ramiz.mondal\.m2\repository\com\github\virtuald\curvesapi\1.07\curvesapi-1.07.jar;C:\Users\ramiz.mondal\.m2\repository\org\apache\logging\log4j\log4j-api\2.24.3\log4j-api-2.24.3.jar;C:\Users\ramiz.mondal\.m2\repository\org\apache\logging\log4j\log4j-core\2.24.3\log4j-core-2.24.3.jar;C:\Users\ramiz.mondal\.m2\repository\org\apache\logging\log4j\log4j-slf4j-impl\2.20.0\log4j-slf4j-impl-2.20.0.jar;"/>
    <property name="java.vm.vendor" value="Microsoft"/>
    <property name="sun.arch.data.model" value="64"/>
    <property name="user.variant" value=""/>
    <property name="java.vendor.url" value="https://www.microsoft.com"/>
    <property name="user.timezone" value="Asia/Calcutta"/>
    <property name="os.name" value="Windows 11"/>
    <property name="java.vm.specification.version" value="17"/>
    <property name="sun.java.launcher" value="SUN_STANDARD"/>
    <property name="user.country" value="US"/>
    <property name="sun.boot.library.path" value="C:\Program Files\Java\jdk-17.0.14\bin"/>
    <property name="sun.java.command" value="C:\Users\ramiz.mondal\AppData\Local\Temp\surefire17909622294763703510\surefirebooter-20250623122840086_3.jar C:\Users\ramiz.mondal\AppData\Local\Temp\surefire17909622294763703510 2025-06-23T12-28-39_775-jvmRun1 surefire-20250623122840086_1tmp surefire_0-20250623122840086_2tmp"/>
    <property name="jdk.debug" value="release"/>
    <property name="surefire.test.class.path" value="C:\Users\ramiz.mondal\eclipse-workspace\PetStoreAPIAutomation\target\test-classes;C:\Users\ramiz.mondal\eclipse-workspace\PetStoreAPIAutomation\target\classes;C:\Users\ramiz.mondal\.m2\repository\io\rest-assured\rest-assured\5.1.1\rest-assured-5.1.1.jar;C:\Users\ramiz.mondal\.m2\repository\org\apache\groovy\groovy\4.0.1\groovy-4.0.1.jar;C:\Users\ramiz.mondal\.m2\repository\org\apache\groovy\groovy-xml\4.0.1\groovy-xml-4.0.1.jar;C:\Users\ramiz.mondal\.m2\repository\org\apache\httpcomponents\httpclient\4.5.13\httpclient-4.5.13.jar;C:\Users\ramiz.mondal\.m2\repository\org\apache\httpcomponents\httpcore\4.4.13\httpcore-4.4.13.jar;C:\Users\ramiz.mondal\.m2\repository\commons-logging\commons-logging\1.2\commons-logging-1.2.jar;C:\Users\ramiz.mondal\.m2\repository\org\apache\httpcomponents\httpmime\4.5.13\httpmime-4.5.13.jar;C:\Users\ramiz.mondal\.m2\repository\org\hamcrest\hamcrest\2.1\hamcrest-2.1.jar;C:\Users\ramiz.mondal\.m2\repository\org\ccil\cowan\tagsoup\tagsoup\1.2.1\tagsoup-1.2.1.jar;C:\Users\ramiz.mondal\.m2\repository\io\rest-assured\xml-path\5.1.1\xml-path-5.1.1.jar;C:\Users\ramiz.mondal\.m2\repository\io\rest-assured\json-path\5.1.1\json-path-5.1.1.jar;C:\Users\ramiz.mondal\.m2\repository\org\apache\groovy\groovy-json\4.0.1\groovy-json-4.0.1.jar;C:\Users\ramiz.mondal\.m2\repository\io\rest-assured\rest-assured-common\5.1.1\rest-assured-common-5.1.1.jar;C:\Users\ramiz.mondal\.m2\repository\org\json\json\20220320\json-20220320.jar;C:\Users\ramiz.mondal\.m2\repository\org\testng\testng\7.6.1\testng-7.6.1.jar;C:\Users\ramiz.mondal\.m2\repository\com\google\code\findbugs\jsr305\3.0.2\jsr305-3.0.2.jar;C:\Users\ramiz.mondal\.m2\repository\org\slf4j\slf4j-api\1.7.36\slf4j-api-1.7.36.jar;C:\Users\ramiz.mondal\.m2\repository\com\beust\jcommander\1.82\jcommander-1.82.jar;C:\Users\ramiz.mondal\.m2\repository\org\webjars\jquery\3.6.0\jquery-3.6.0.jar;C:\Users\ramiz.mondal\.m2\repository\com\github\scribejava\scribejava-apis\8.3.1\scribejava-apis-8.3.1.jar;C:\Users\ramiz.mondal\.m2\repository\com\github\scribejava\scribejava-core\8.3.1\scribejava-core-8.3.1.jar;C:\Users\ramiz.mondal\.m2\repository\com\github\scribejava\scribejava-java8\8.3.1\scribejava-java8-8.3.1.jar;C:\Users\ramiz.mondal\.m2\repository\com\fasterxml\jackson\core\jackson-databind\2.12.3\jackson-databind-2.12.3.jar;C:\Users\ramiz.mondal\.m2\repository\com\fasterxml\jackson\core\jackson-annotations\2.12.3\jackson-annotations-2.12.3.jar;C:\Users\ramiz.mondal\.m2\repository\com\fasterxml\jackson\core\jackson-core\2.12.3\jackson-core-2.12.3.jar;C:\Users\ramiz.mondal\.m2\repository\io\rest-assured\json-schema-validator\5.1.1\json-schema-validator-5.1.1.jar;C:\Users\ramiz.mondal\.m2\repository\com\github\java-json-tools\json-schema-validator\2.2.14\json-schema-validator-2.2.14.jar;C:\Users\ramiz.mondal\.m2\repository\com\google\guava\guava\28.2-android\guava-28.2-android.jar;C:\Users\ramiz.mondal\.m2\repository\com\google\guava\failureaccess\1.0.1\failureaccess-1.0.1.jar;C:\Users\ramiz.mondal\.m2\repository\com\google\guava\listenablefuture\9999.0-empty-to-avoid-conflict-with-guava\listenablefuture-9999.0-empty-to-avoid-conflict-with-guava.jar;C:\Users\ramiz.mondal\.m2\repository\org\checkerframework\checker-compat-qual\2.5.5\checker-compat-qual-2.5.5.jar;C:\Users\ramiz.mondal\.m2\repository\com\google\errorprone\error_prone_annotations\2.3.4\error_prone_annotations-2.3.4.jar;C:\Users\ramiz.mondal\.m2\repository\com\google\j2objc\j2objc-annotations\1.3\j2objc-annotations-1.3.jar;C:\Users\ramiz.mondal\.m2\repository\com\github\java-json-tools\jackson-coreutils-equivalence\1.0\jackson-coreutils-equivalence-1.0.jar;C:\Users\ramiz.mondal\.m2\repository\com\github\java-json-tools\jackson-coreutils\2.0\jackson-coreutils-2.0.jar;C:\Users\ramiz.mondal\.m2\repository\com\github\java-json-tools\msg-simple\1.2\msg-simple-1.2.jar;C:\Users\ramiz.mondal\.m2\repository\com\github\java-json-tools\btf\1.3\btf-1.3.jar;C:\Users\ramiz.mondal\.m2\repository\com\github\java-json-tools\json-schema-core\1.2.14\json-schema-core-1.2.14.jar;C:\Users\ramiz.mondal\.m2\repository\com\github\java-json-tools\uri-template\0.10\uri-template-0.10.jar;C:\Users\ramiz.mondal\.m2\repository\org\mozilla\rhino\1.7.7.2\rhino-1.7.7.2.jar;C:\Users\ramiz.mondal\.m2\repository\com\sun\mail\mailapi\1.6.2\mailapi-1.6.2.jar;C:\Users\ramiz.mondal\.m2\repository\joda-time\joda-time\2.10.5\joda-time-2.10.5.jar;C:\Users\ramiz.mondal\.m2\repository\com\googlecode\libphonenumber\libphonenumber\8.11.1\libphonenumber-8.11.1.jar;C:\Users\ramiz.mondal\.m2\repository\net\sf\jopt-simple\jopt-simple\5.0.4\jopt-simple-5.0.4.jar;C:\Users\ramiz.mondal\.m2\repository\com\github\javafaker\javafaker\1.0.2\javafaker-1.0.2.jar;C:\Users\ramiz.mondal\.m2\repository\org\apache\commons\commons-lang3\3.5\commons-lang3-3.5.jar;C:\Users\ramiz.mondal\.m2\repository\org\yaml\snakeyaml\1.23\snakeyaml-1.23-android.jar;C:\Users\ramiz.mondal\.m2\repository\com\github\mifmif\generex\1.0.2\generex-1.0.2.jar;C:\Users\ramiz.mondal\.m2\repository\dk\brics\automaton\automaton\1.11-8\automaton-1.11-8.jar;C:\Users\ramiz.mondal\.m2\repository\com\aventstack\extentreports\5.0.9\extentreports-5.0.9.jar;C:\Users\ramiz.mondal\.m2\repository\io\reactivex\rxjava3\rxjava\3.0.4\rxjava-3.0.4.jar;C:\Users\ramiz.mondal\.m2\repository\org\reactivestreams\reactive-streams\1.0.3\reactive-streams-1.0.3.jar;C:\Users\ramiz.mondal\.m2\repository\org\freemarker\freemarker\2.3.30\freemarker-2.3.30.jar;C:\Users\ramiz.mondal\.m2\repository\org\projectlombok\lombok\1.18.12\lombok-1.18.12.jar;C:\Users\ramiz.mondal\.m2\repository\com\google\code\gson\gson\2.8.6\gson-2.8.6.jar;C:\Users\ramiz.mondal\.m2\repository\org\apache\poi\poi\5.2.2\poi-5.2.2.jar;C:\Users\ramiz.mondal\.m2\repository\commons-codec\commons-codec\1.15\commons-codec-1.15.jar;C:\Users\ramiz.mondal\.m2\repository\org\apache\commons\commons-collections4\4.4\commons-collections4-4.4.jar;C:\Users\ramiz.mondal\.m2\repository\org\apache\commons\commons-math3\3.6.1\commons-math3-3.6.1.jar;C:\Users\ramiz.mondal\.m2\repository\commons-io\commons-io\2.11.0\commons-io-2.11.0.jar;C:\Users\ramiz.mondal\.m2\repository\com\zaxxer\SparseBitSet\1.2\SparseBitSet-1.2.jar;C:\Users\ramiz.mondal\.m2\repository\org\apache\poi\poi-ooxml\5.2.2\poi-ooxml-5.2.2.jar;C:\Users\ramiz.mondal\.m2\repository\org\apache\poi\poi-ooxml-lite\5.2.2\poi-ooxml-lite-5.2.2.jar;C:\Users\ramiz.mondal\.m2\repository\org\apache\xmlbeans\xmlbeans\5.0.3\xmlbeans-5.0.3.jar;C:\Users\ramiz.mondal\.m2\repository\org\apache\commons\commons-compress\1.21\commons-compress-1.21.jar;C:\Users\ramiz.mondal\.m2\repository\com\github\virtuald\curvesapi\1.07\curvesapi-1.07.jar;C:\Users\ramiz.mondal\.m2\repository\org\apache\logging\log4j\log4j-api\2.24.3\log4j-api-2.24.3.jar;C:\Users\ramiz.mondal\.m2\repository\org\apache\logging\log4j\log4j-core\2.24.3\log4j-core-2.24.3.jar;C:\Users\ramiz.mondal\.m2\repository\org\apache\logging\log4j\log4j-slf4j-impl\2.20.0\log4j-slf4j-impl-2.20.0.jar;"/>
    <property name="sun.cpu.endian" value="little"/>
    <property name="user.home" value="C:\Users\ramiz.mondal"/>
    <property name="user.language" value="en"/>
    <property name="java.specification.vendor" value="Oracle Corporation"/>
    <property name="java.version.date" value="2025-01-21"/>
    <property name="java.home" value="C:\Program Files\Java\jdk-17.0.14"/>
    <property name="file.separator" value="\"/>
    <property name="basedir" value="C:\Users\ramiz.mondal\eclipse-workspace\PetStoreAPIAutomation"/>
    <property name="java.vm.compressedOopsMode" value="Zero based"/>
    <property name="line.separator" value="&#10;"/>
    <property name="java.vm.specification.vendor" value="Oracle Corporation"/>
    <property name="java.specification.name" value="Java Platform API Specification"/>
    <property name="surefire.real.class.path" value="C:\Users\ramiz.mondal\AppData\Local\Temp\surefire17909622294763703510\surefirebooter-20250623122840086_3.jar"/>
    <property name="user.script" value=""/>
    <property name="sun.management.compiler" value="HotSpot 64-Bit Tiered Compilers"/>
    <property name="java.runtime.version" value="17.0.14+7-LTS"/>
    <property name="user.name" value="ramiz.mondal"/>
    <property name="path.separator" value=";"/>
    <property name="os.version" value="10.0"/>
    <property name="java.runtime.name" value="OpenJDK Runtime Environment"/>
    <property name="file.encoding" value="Cp1252"/>
    <property name="java.vm.name" value="OpenJDK 64-Bit Server VM"/>
    <property name="java.vendor.version" value="Microsoft-10800295"/>
    <property name="localRepository" value="C:\Users\ramiz.mondal\.m2\repository"/>
    <property name="java.vendor.url.bug" value="https://github.com/microsoft/openjdk/issues"/>
    <property name="java.io.tmpdir" value="C:\Users\RAMIZ~1.MON\AppData\Local\Temp\"/>
    <property name="java.version" value="17.0.14"/>
    <property name="user.dir" value="C:\Users\ramiz.mondal\eclipse-workspace\PetStoreAPIAutomation"/>
    <property name="os.arch" value="amd64"/>
    <property name="java.vm.specification.name" value="Java Virtual Machine Specification"/>
    <property name="sun.os.patch.level" value=""/>
    <property name="native.encoding" value="Cp1252"/>
    <property name="java.library.path" value="C:\Program Files\Java\jdk-17.0.14\bin;C:\WINDOWS\Sun\Java\bin;C:\WINDOWS\system32;C:\WINDOWS;C:\WINDOWS\system32;C:\WINDOWS;C:\WINDOWS\System32\Wbem;C:\WINDOWS\System32\WindowsPowerShell\v1.0\;C:\WINDOWS\System32\OpenSSH\;C:\Program Files\dotnet\;%JAVA_HOME%\bin;C:\Users\ramiz.mondal\AppData\Local\Microsoft\WindowsApps;C:\Program Files\Java\jdk-17.0.14\bin;C:\Maven-3.9.10\bin;;."/>
    <property name="java.vm.info" value="mixed mode, sharing"/>
    <property name="java.vendor" value="Microsoft"/>
    <property name="java.vm.version" value="17.0.14+7-LTS"/>
    <property name="java.specification.maintenance.version" value="1"/>
    <property name="sun.io.unicode.encoding" value="UnicodeLittle"/>
    <property name="java.class.version" value="61.0"/>
  </properties>
  <testcase name="testPostUser" classname="api.test.UserTests" time="4.137">
    <system-out><![CDATA[2025-06-23 12:28:42 INFO  UserTests:43 - ***Creating user***
2025-06-23 12:28:46 INFO  UserTests:48 - ** user is created for : bradly.quitzonWhere first name is :Twanna***
]]></system-out>
  </testcase>
  <testcase name="testGetUserByName" classname="api.test.UserTests" time="0.0">
    <skipped message="expected [200] but found [404]"/>
    <system-out><![CDATA[2025-06-23 12:28:46 INFO  UserTests:53 - ***Trying to fetch the user details by Username***
{
    "code": 1,
    "type": "error",
    "message": "User not found"
}
]]></system-out>
  </testcase>
  <testcase name="testGetUserByName" classname="api.test.UserTests" time="0.0">
    <skipped message="expected [200] but found [404]"/>
    <system-out><![CDATA[2025-06-23 12:28:47 INFO  UserTests:53 - ***Trying to fetch the user details by Username***
{
    "code": 1,
    "type": "error",
    "message": "User not found"
}
]]></system-out>
  </testcase>
  <testcase name="testGetUserByName" classname="api.test.UserTests" time="1.965">
    <system-out><![CDATA[2025-06-23 12:28:48 INFO  UserTests:53 - ***Trying to fetch the user details by Username***
{
    "id": 1605988985,
    "username": "bradly.quitzon",
    "firstName": "Twanna",
    "lastName": "Dare",
    "email": "armanda.champlin@example.com",
    "password": "jmc2d",
    "phone": "(674) 991-7790",
    "userStatus": 0
}
2025-06-23 12:28:50 INFO  UserTests:64 - bradly.quitzon***user details fetched and verified***
]]></system-out>
  </testcase>
  <testcase name="testUpdateUserByName" classname="api.test.UserTests" time="0.0">
    <skipped message="First name mismatch! expected [Francesca] but found [Twanna]"/>
    <system-out><![CDATA[2025-06-23 12:28:50 INFO  UserTests:75 - Updating user with:
{"id":1605988985,"username":"bradly.quitzon","firstName":"Francesca","lastName":"Cremin","email":"lea.effertz@example.com","password":"jmc2d","phone":"(674) 991-7790","userStatus":0}
]]></system-out>
  </testcase>
  <testcase name="testUpdateUserByName" classname="api.test.UserTests" time="1.89">
    <system-out><![CDATA[2025-06-23 12:28:52 INFO  UserTests:75 - Updating user with:
{"id":1605988985,"username":"bradly.quitzon","firstName":"Stephan","lastName":"Brown","email":"marcellus.labadie@example.com","password":"jmc2d","phone":"(674) 991-7790","userStatus":0}
{
    "id": 1605988985,
    "username": "bradly.quitzon",
    "firstName": "Stephan",
    "lastName": "Brown",
    "email": "marcellus.labadie@example.com",
    "password": "jmc2d",
    "phone": "(674) 991-7790",
    "userStatus": 0
}
2025-06-23 12:28:54 INFO  UserTests:87 - User details updated and verified
]]></system-out>
  </testcase>
  <testcase name="testDeleteUserByName" classname="api.test.UserTests" time="2.416">
    <system-out><![CDATA[2025-06-23 12:28:57 INFO  UserTests:94 - bradly.quitzon User is deleted
]]></system-out>
  </testcase>
  <testcase name="testPostUser[2010, testuser1, John, Canedy, a@gmail.com, test@1, 8687809765](1)" classname="api.test.DDTests" time="0.927">
    <system-out><![CDATA[CREATE RESPONSE: {"code":200,"type":"unknown","message":"2010"}
]]></system-out>
  </testcase>
  <testcase name="testPostUser[2011, testuser2, Kim, Kom, b@gmail.com, test@2, 8687809565](2)" classname="api.test.DDTests" time="0.914">
    <system-out><![CDATA[CREATE RESPONSE: {"code":200,"type":"unknown","message":"2011"}
]]></system-out>
  </testcase>
  <testcase name="testPostUser[2012, testuser3, Smith, Steve, c@gmail.com, test@3, 8687309765](3)" classname="api.test.DDTests" time="0.918">
    <system-out><![CDATA[CREATE RESPONSE: {"code":200,"type":"unknown","message":"2012"}
]]></system-out>
  </testcase>
  <testcase name="testDeleteUserByName[testuser1](1)" classname="api.test.DDTests" time="2.487">
    <system-out><![CDATA[DELETE RESPONSE: {"code":200,"type":"unknown","message":"testuser1"}
]]></system-out>
  </testcase>
  <testcase name="testDeleteUserByName[testuser2](2)" classname="api.test.DDTests" time="0.0">
    <skipped message="expected [200] but found [404]"/>
    <system-out><![CDATA[DELETE RESPONSE: 
]]></system-out>
  </testcase>
  <testcase name="testDeleteUserByName[testuser2](3)" classname="api.test.DDTests" time="0.0">
    <skipped message="expected [200] but found [404]"/>
    <system-out><![CDATA[DELETE RESPONSE: 
]]></system-out>
  </testcase>
  <testcase name="testDeleteUserByName[testuser2](4)" classname="api.test.DDTests" time="2.476">
    <system-out><![CDATA[DELETE RESPONSE: {"code":200,"type":"unknown","message":"testuser2"}
]]></system-out>
  </testcase>
  <testcase name="testDeleteUserByName[testuser3](5)" classname="api.test.DDTests" time="2.42">
    <system-out><![CDATA[DELETE RESPONSE: {"code":200,"type":"unknown","message":"testuser3"}
]]></system-out>
  </testcase>
</testsuite>