<?xml version="1.0" encoding="UTF-8"?>
<!-- Generated by org.testng.reporters.JUnitReportReporter -->
<testsuite hostname="DESKTOP-A7SNONS" failures="0" tests="4" name="api.test.Club" time="3.790" errors="0" timestamp="2025-08-23T18:28:43 IST" skipped="0">
  <testcase classname="api.test.Club" name="testSendOTP" time="2.609"/>
  <system-out/>
  <testcase classname="api.test.Club" name="verifyOTP" time="0.604"/>
  <system-out/>
  <testcase classname="api.test.Club" name="testClubCategories" time="0.386"/>
  <system-out/>
  <testcase classname="api.test.Club" name="testGetLiveClubs" time="0.191"/>
  <system-out/>
</testsuite> <!-- api.test.Club -->
