<?xml version="1.0" encoding="UTF-8"?>
<!-- Generated by org.testng.reporters.JUnitReportReporter -->
<testsuite hostname="IMPETUS-BL0561" failures="0" tests="8" name="api.test.DDTests" time="14.994" errors="0" timestamp="2025-06-23T12:29:17 IST" skipped="2">
  <testcase classname="api.test.DDTests" name="testPostUser" time="0.928"/>
  <system-out/>
  <testcase classname="api.test.DDTests" name="testPostUser" time="0.915"/>
  <system-out/>
  <testcase classname="api.test.DDTests" name="testPostUser" time="0.916"/>
  <system-out/>
  <testcase classname="api.test.DDTests" name="testDeleteUserByName" time="2.425">
    <skipped/>
  </testcase> <!-- testDeleteUserByName -->
  <system-out/>
  <testcase classname="api.test.DDTests" name="testDeleteUserByName" time="2.474"/>
  <system-out/>
  <testcase classname="api.test.DDTests" name="testDeleteUserByName" time="2.431">
    <skipped/>
  </testcase> <!-- testDeleteUserByName -->
  <system-out/>
  <testcase classname="api.test.DDTests" name="testDeleteUserByName" time="2.484"/>
  <system-out/>
  <testcase classname="api.test.DDTests" name="testDeleteUserByName" time="2.421"/>
  <system-out/>
</testsuite> <!-- api.test.DDTests -->
