<?xml version="1.0" encoding="UTF-8"?>
<!-- Generated by org.testng.reporters.JUnitReportReporter -->
<testsuite hostname="IMPETUS-BL0561" failures="0" tests="7" name="api.test.UserTests" time="14.350" errors="0" timestamp="2025-06-23T12:29:17 IST" skipped="3">
  <testcase classname="api.test.UserTests" name="testPostUser" time="4.141"/>
  <system-out/>
  <testcase classname="api.test.UserTests" name="testGetUserByName" time="1.057">
    <skipped/>
  </testcase> <!-- testGetUserByName -->
  <system-out/>
  <testcase classname="api.test.UserTests" name="testGetUserByName" time="0.936">
    <skipped/>
  </testcase> <!-- testGetUserByName -->
  <system-out/>
  <testcase classname="api.test.UserTests" name="testGetUserByName" time="1.963"/>
  <system-out/>
  <testcase classname="api.test.UserTests" name="testUpdateUserByName" time="1.889"/>
  <system-out/>
  <testcase classname="api.test.UserTests" name="testUpdateUserByName" time="1.948">
    <skipped/>
  </testcase> <!-- testUpdateUserByName -->
  <system-out/>
  <testcase classname="api.test.UserTests" name="testDeleteUserByName" time="2.416"/>
  <system-out/>
</testsuite> <!-- api.test.UserTests -->
